<?xml version="1.0" encoding="UTF-8"?>
<!-- Generated by org.testng.reporters.JUnitReportReporter -->
<testsuite hostname="Blue" failures="0" tests="3" name="dataDriverTest.DataDrivenArrayDemo" time="0.023" errors="0" timestamp="2023-02-11T12:52:00 IST" skipped="0">
  <testcase classname="dataDriverTest.DataDrivenArrayDemo" name="loginTest" time="0.019"/>
  <system-out/>
  <testcase classname="dataDriverTest.DataDrivenArrayDemo" name="loginTest" time="0.002"/>
  <system-out/>
  <testcase classname="dataDriverTest.DataDrivenArrayDemo" name="loginTest" time="0.002"/>
  <system-out/>
</testsuite> <!-- dataDriverTest.DataDrivenArrayDemo -->
