<?xml version="1.0" encoding="UTF-8"?>
<!-- Generated by org.testng.reporters.JUnitReportReporter -->
<testsuite hostname="Blue" failures="0" tests="7" name="testNGDemo.TestDemo2" time="0.042" errors="0" timestamp="2023-01-22T19:31:36 IST" skipped="1">
  <testcase classname="testNGDemo.TestDemo2" name="registre" time="0.016"/>
  <system-out/>
  <testcase classname="testNGDemo.TestDemo2" name="login" time="0.004"/>
  <system-out/>
  <testcase classname="testNGDemo.TestDemo2" name="searchProduct" time="0.003"/>
  <system-out/>
  <testcase classname="testNGDemo.TestDemo2" name="searchProduct" time="0.013"/>
  <system-out/>
  <testcase classname="testNGDemo.TestDemo2" name="searchProduct" time="0.002"/>
  <system-out/>
  <testcase classname="testNGDemo.TestDemo2" name="logout" time="0.004"/>
  <system-out/>
  <testcase classname="testNGDemo.TestDemo2" name="addToCart">
    <skipped/>
  </testcase> <!-- addToCart -->
  <system-out/>
</testsuite> <!-- testNGDemo.TestDemo2 -->
