<?xml version="1.0" encoding="UTF-8"?>
<!-- Generated by org.testng.reporters.JUnitReportReporter -->
<testsuite hostname="Blue" failures="0" tests="1" name="testNGDemo.PropertiesFileDemo" time="0.018" errors="0" timestamp="2023-02-08T16:41:31 IST" skipped="0">
  <testcase classname="testNGDemo.PropertiesFileDemo" name="fileRead" time="0.018"/>
  <system-out/>
</testsuite> <!-- testNGDemo.PropertiesFileDemo -->
