<?xml version="1.0" encoding="UTF-8"?>
<!-- Generated by org.testng.reporters.JUnitReportReporter -->
<testsuite hostname="Blue" failures="0" tests="1" name="testNGDemo.XmlDataPassing" time="0.023" errors="0" timestamp="2023-02-06T20:04:25 IST" skipped="0">
  <testcase classname="testNGDemo.XmlDataPassing" name="testData" time="0.023"/>
  <system-out/>
</testsuite> <!-- testNGDemo.XmlDataPassing -->
