<?xml version="1.0" encoding="UTF-8"?>
<!-- Generated by org.testng.reporters.JUnitReportReporter -->
<testsuite hostname="Blue" failures="0" tests="3" name="testNGDemo.AnnotationsDemo" time="0.034" errors="0" timestamp="2023-01-22T19:29:27 IST" skipped="0">
  <testcase classname="testNGDemo.AnnotationsDemo" name="tstcase2" time="0.005"/>
  <system-out/>
  <testcase classname="testNGDemo.AnnotationsDemo" name="tstcase1" time="0.024"/>
  <system-out/>
  <testcase classname="testNGDemo.AnnotationsDemo" name="tstcase3" time="0.005"/>
  <system-out/>
</testsuite> <!-- testNGDemo.AnnotationsDemo -->
