<?xml version="1.0" encoding="UTF-8"?>
<!-- Generated by org.testng.reporters.JUnitReportReporter -->
<testsuite hostname="Blue" failures="0" tests="3" name="testNGDemo.ParallelTesting" time="8.405" errors="0" timestamp="2023-02-10T14:40:55 IST" skipped="2">
  <testcase classname="testNGDemo.ParallelTesting" name="chromeTest" time="8.405"/>
  <system-out/>
  <testcase classname="testNGDemo.ParallelTesting" name="firefoxTest">
    <skipped/>
  </testcase> <!-- firefoxTest -->
  <system-out/>
  <testcase classname="testNGDemo.ParallelTesting" name="edgeTest">
    <skipped/>
  </testcase> <!-- edgeTest -->
  <system-out/>
</testsuite> <!-- testNGDemo.ParallelTesting -->
