<?xml version="1.0" encoding="UTF-8"?>
<!-- Generated by org.testng.reporters.JUnitReportReporter -->
<testsuite hostname="Blue" failures="0" tests="2" name="testNGDemo.CrossBrowserTest" time="15.581" errors="0" timestamp="2023-02-10T15:05:14 IST" skipped="0">
  <testcase classname="testNGDemo.CrossBrowserTest" name="browserTest" time="8.065"/>
  <system-out/>
  <testcase classname="testNGDemo.CrossBrowserTest" name="browserTest" time="7.516"/>
  <system-out/>
</testsuite> <!-- testNGDemo.CrossBrowserTest -->
