<?xml version="1.0" encoding="UTF-8"?>
<!-- Generated by org.testng.reporters.JUnitReportReporter -->
<testsuite hostname="Blue" failures="0" tests="3" name="testNGDemo.DataDrivenArrayDemo" time="0.031" errors="0" timestamp="2023-02-11T12:45:23 IST" skipped="0">
  <testcase classname="testNGDemo.DataDrivenArrayDemo" name="loginTest" time="0.023"/>
  <system-out/>
  <testcase classname="testNGDemo.DataDrivenArrayDemo" name="loginTest" time="0.003"/>
  <system-out/>
  <testcase classname="testNGDemo.DataDrivenArrayDemo" name="loginTest" time="0.005"/>
  <system-out/>
</testsuite> <!-- testNGDemo.DataDrivenArrayDemo -->
