<?xml version="1.0" encoding="UTF-8"?>
<!-- Generated by org.testng.reporters.JUnitReportReporter -->
<testsuite hostname="Blue" failures="0" tests="1" name="testNGDemo.OrangeHRMDataPassing" time="13.238" errors="0" timestamp="2023-02-06T21:18:04 IST" skipped="0">
  <testcase classname="testNGDemo.OrangeHRMDataPassing" name="loginTestData" time="13.238"/>
  <system-out/>
</testsuite> <!-- testNGDemo.OrangeHRMDataPassing -->
