<?xml version="1.0" encoding="UTF-8"?>
<!-- Generated by org.testng.reporters.JUnitReportReporter -->
<testsuite hostname="Blue" failures="0" tests="3" name="testNGDemo.DependsOnMethodDemo" time="0.026" errors="0" timestamp="2023-01-22T19:30:35 IST" skipped="0">
  <testcase classname="testNGDemo.DependsOnMethodDemo" name="registerProcess" time="0.021"/>
  <system-out/>
  <testcase classname="testNGDemo.DependsOnMethodDemo" name="loginProcess" time="0.002"/>
  <system-out/>
  <testcase classname="testNGDemo.DependsOnMethodDemo" name="logOutProcess" time="0.003"/>
  <system-out/>
</testsuite> <!-- testNGDemo.DependsOnMethodDemo -->
