<?xml version="1.0" encoding="UTF-8"?>
<!-- Generated by org.testng.reporters.JUnitReportReporter -->
<testsuite hostname="Blue" failures="0" tests="1" name="dataDriverTest.ScreenshotDemo" time="20.140" errors="0" timestamp="2023-02-22T12:03:00 IST" skipped="0">
  <testcase classname="dataDriverTest.ScreenshotDemo" name="capture" time="20.140"/>
  <system-out/>
</testsuite> <!-- dataDriverTest.ScreenshotDemo -->
