<?xml version="1.0" encoding="UTF-8"?>
<!-- Generated by org.testng.reporters.JUnitReportReporter -->
<testsuite hostname="Blue" failures="0" tests="1" name="dataDriverTest.ExcelDataReadMechanism" time="1.254" errors="0" timestamp="2023-02-16T16:07:32 IST" skipped="0">
  <testcase classname="dataDriverTest.ExcelDataReadMechanism" name="fileRead" time="1.254"/>
  <system-out/>
</testsuite> <!-- dataDriverTest.ExcelDataReadMechanism -->
