<?xml version="1.0" encoding="UTF-8"?>
<!-- Generated by org.testng.reporters.JUnitReportReporter -->
<testsuite hostname="Blue" failures="0" tests="2" name="testNGDemo.HeadLessBrowserTest" time="14.032" errors="0" timestamp="2023-01-22T19:31:08 IST" skipped="0">
  <testcase classname="testNGDemo.HeadLessBrowserTest" name="headLessTest" time="10.147"/>
  <system-out/>
  <testcase classname="testNGDemo.HeadLessBrowserTest" name="desireProperties" time="3.885"/>
  <system-out/>
</testsuite> <!-- testNGDemo.HeadLessBrowserTest -->
