<?xml version="1.0" encoding="UTF-8"?>
<!-- Generated by org.testng.reporters.JUnitReportReporter -->
<testsuite hostname="Blue" failures="0" tests="1" name="testNGDemo.HrmPropertiesFileDemo" time="16.275" errors="0" timestamp="2023-02-10T14:40:55 IST" skipped="0">
  <testcase classname="testNGDemo.HrmPropertiesFileDemo" name="loginTest" time="16.275"/>
  <system-out/>
</testsuite> <!-- testNGDemo.HrmPropertiesFileDemo -->
